
13:31:55 GMT+0100 (Central European Standard Time) LOG: Electron,6.1.4
13:31:55 GMT+0100 (Central European Standard Time) LOG: Chrome,76.0.3809.146
13:31:55 GMT+0100 (Central European Standard Time) LOG: Node,12.4.0
13:31:55 GMT+0100 (Central European Standard Time) WARN: %cElectron Security Warning (Node.js Integration with Remote Content),font-weight: bold;,This renderer process has Node.js integration enabled
    and attempted to load remote content from 'http://localhost:3000/'. This
    exposes users of this app to severe security risks.
 
For more information and help, consult
https://electronjs.org/docs/tutorial/security.
 This warning will not show up
once the app is packaged.
13:31:55 GMT+0100 (Central European Standard Time) WARN: %cElectron Security Warning (Insecure Resources),font-weight: bold;,This renderer process loads resources using insecure
  protocols.This exposes users of this app to unnecessary security risks.
  Consider loading the following resources over HTTPS or FTPS. 
 - http://localhost:3000/static/js/bundle.js
- http://localhost:3000/static/js/0.chunk.js
- http://localhost:3000/static/js/main.chunk.js
- http://localhost:3000/static/media/logo.ee7cd8ed.svg
  
 
For more information and help, consult
https://electronjs.org/docs/tutorial/security.
 This warning will not show up
once the app is packaged.
13:31:55 GMT+0100 (Central European Standard Time) WARN: %cElectron Security Warning (Insecure Content-Security-Policy),font-weight: bold;,This renderer process has either no Content Security
    Policy set or a policy with "unsafe-eval" enabled. This exposes users of
    this app to unnecessary security risks.
 
For more information and help, consult
https://electronjs.org/docs/tutorial/security.
 This warning will not show up
once the app is packaged.
13:33:49 GMT+0100 (Central European Standard Time) ERROR: ./src/logo.svg
Error: ENOENT: no such file or directory, open 'C:\Code\productivity-app\src\logo.svg'
13:33:49 GMT+0100 (Central European Standard Time) ERROR: ./src/App.css (./node_modules/css-loader/dist/cjs.js??ref--6-oneOf-3-1!./node_modules/postcss-loader/src??postcss!./src/App.css)
Error: ENOENT: no such file or directory, open 'C:\Code\productivity-app\src\App.css'
13:33:49 GMT+0100 (Central European Standard Time) ERROR: ./src/index.css (./node_modules/css-loader/dist/cjs.js??ref--6-oneOf-3-1!./node_modules/postcss-loader/src??postcss!./src/index.css)
Error: ENOENT: no such file or directory, open 'C:\Code\productivity-app\src\index.css'
13:33:57 GMT+0100 (Central European Standard Time) ERROR: ./src/App.js
Error: ENOENT: no such file or directory, open 'C:\Code\productivity-app\src\App.js'
13:33:57 GMT+0100 (Central European Standard Time) ERROR: ./src/index.css (./node_modules/css-loader/dist/cjs.js??ref--6-oneOf-3-1!./node_modules/postcss-loader/src??postcss!./src/index.css)
Error: ENOENT: no such file or directory, open 'C:\Code\productivity-app\src\index.css'
13:34:14 GMT+0100 (Central European Standard Time) ERROR: ./src/index.css (./node_modules/css-loader/dist/cjs.js??ref--6-oneOf-3-1!./node_modules/postcss-loader/src??postcss!./src/index.css)
Error: ENOENT: no such file or directory, open 'C:\Code\productivity-app\src\index.css'
13:34:14 GMT+0100 (Central European Standard Time) ERROR: ./src/components/App.js
Module not found: Can't resolve './App.css' in 'C:\Code\productivity-app\src\components'
13:34:14 GMT+0100 (Central European Standard Time) ERROR: ./src/components/App.js
Module not found: Can't resolve './logo.svg' in 'C:\Code\productivity-app\src\components'
13:34:36 GMT+0100 (Central European Standard Time) ERROR: ./src/index.css (./node_modules/css-loader/dist/cjs.js??ref--6-oneOf-3-1!./node_modules/postcss-loader/src??postcss!./src/index.css)
Error: ENOENT: no such file or directory, open 'C:\Code\productivity-app\src\index.css'
13:35:11 GMT+0100 (Central European Standard Time) ERROR: ./src/index.css (./node_modules/css-loader/dist/cjs.js??ref--6-oneOf-3-1!./node_modules/postcss-loader/src??postcss!./src/index.css)
Error: ENOENT: no such file or directory, open 'C:\Code\productivity-app\src\index.css'
13:35:15 GMT+0100 (Central European Standard Time) LOG: Electron,6.1.4
13:35:15 GMT+0100 (Central European Standard Time) LOG: Chrome,76.0.3809.146
13:35:15 GMT+0100 (Central European Standard Time) LOG: Node,12.4.0
13:35:15 GMT+0100 (Central European Standard Time) WARN: %cElectron Security Warning (Node.js Integration with Remote Content),font-weight: bold;,This renderer process has Node.js integration enabled
    and attempted to load remote content from 'http://localhost:3000/'. This
    exposes users of this app to severe security risks.
 
For more information and help, consult
https://electronjs.org/docs/tutorial/security.
 This warning will not show up
once the app is packaged.
13:35:15 GMT+0100 (Central European Standard Time) WARN: %cElectron Security Warning (Insecure Resources),font-weight: bold;,This renderer process loads resources using insecure
  protocols.This exposes users of this app to unnecessary security risks.
  Consider loading the following resources over HTTPS or FTPS. 
 - http://localhost:3000/static/js/bundle.js
- http://localhost:3000/static/js/0.chunk.js
- http://localhost:3000/static/js/main.chunk.js
- http://localhost:3000/main.eb64fc8a0fb5e49dda78.hot-update.js
  
 
For more information and help, consult
https://electronjs.org/docs/tutorial/security.
 This warning will not show up
once the app is packaged.
13:35:15 GMT+0100 (Central European Standard Time) WARN: %cElectron Security Warning (Insecure Content-Security-Policy),font-weight: bold;,This renderer process has either no Content Security
    Policy set or a policy with "unsafe-eval" enabled. This exposes users of
    this app to unnecessary security risks.
 
For more information and help, consult
https://electronjs.org/docs/tutorial/security.
 This warning will not show up
once the app is packaged.
13:35:29 GMT+0100 (Central European Standard Time) LOG: Electron,6.1.4
13:35:29 GMT+0100 (Central European Standard Time) LOG: Chrome,76.0.3809.146
13:35:29 GMT+0100 (Central European Standard Time) LOG: Node,12.4.0
13:35:29 GMT+0100 (Central European Standard Time) WARN: %cElectron Security Warning (Node.js Integration with Remote Content),font-weight: bold;,This renderer process has Node.js integration enabled
    and attempted to load remote content from 'http://localhost:3000/'. This
    exposes users of this app to severe security risks.
 
For more information and help, consult
https://electronjs.org/docs/tutorial/security.
 This warning will not show up
once the app is packaged.
13:35:29 GMT+0100 (Central European Standard Time) WARN: %cElectron Security Warning (Insecure Resources),font-weight: bold;,This renderer process loads resources using insecure
  protocols.This exposes users of this app to unnecessary security risks.
  Consider loading the following resources over HTTPS or FTPS. 
 - http://localhost:3000/static/js/bundle.js
- http://localhost:3000/static/js/0.chunk.js
- http://localhost:3000/static/js/main.chunk.js
- http://localhost:3000/main.3318696bf1abbc407813.hot-update.js
  
 
For more information and help, consult
https://electronjs.org/docs/tutorial/security.
 This warning will not show up
once the app is packaged.
13:35:29 GMT+0100 (Central European Standard Time) WARN: %cElectron Security Warning (Insecure Content-Security-Policy),font-weight: bold;,This renderer process has either no Content Security
    Policy set or a policy with "unsafe-eval" enabled. This exposes users of
    this app to unnecessary security risks.
 
For more information and help, consult
https://electronjs.org/docs/tutorial/security.
 This warning will not show up
once the app is packaged.
13:35:33 GMT+0100 (Central European Standard Time) LOG: Electron,6.1.4
13:35:33 GMT+0100 (Central European Standard Time) LOG: Chrome,76.0.3809.146
13:35:33 GMT+0100 (Central European Standard Time) LOG: Node,12.4.0
13:35:33 GMT+0100 (Central European Standard Time) WARN: %cElectron Security Warning (Node.js Integration with Remote Content),font-weight: bold;,This renderer process has Node.js integration enabled
    and attempted to load remote content from 'http://localhost:3000/'. This
    exposes users of this app to severe security risks.
 
For more information and help, consult
https://electronjs.org/docs/tutorial/security.
 This warning will not show up
once the app is packaged.
13:35:33 GMT+0100 (Central European Standard Time) WARN: %cElectron Security Warning (Insecure Resources),font-weight: bold;,This renderer process loads resources using insecure
  protocols.This exposes users of this app to unnecessary security risks.
  Consider loading the following resources over HTTPS or FTPS. 
 - http://localhost:3000/static/js/bundle.js
- http://localhost:3000/static/js/1.chunk.js
- http://localhost:3000/static/js/main.chunk.js
- http://localhost:3000/main.e175ae5c2670f7c87eb1.hot-update.js
  
 
For more information and help, consult
https://electronjs.org/docs/tutorial/security.
 This warning will not show up
once the app is packaged.
13:35:33 GMT+0100 (Central European Standard Time) WARN: %cElectron Security Warning (Insecure Content-Security-Policy),font-weight: bold;,This renderer process has either no Content Security
    Policy set or a policy with "unsafe-eval" enabled. This exposes users of
    this app to unnecessary security risks.
 
For more information and help, consult
https://electronjs.org/docs/tutorial/security.
 This warning will not show up
once the app is packaged.